<?xml version="1.0" encoding="UTF-8"?>
<!-- Generated by org.testng.reporters.JUnitReportReporter -->
<testsuite hostname="LT-LZ-0091" failures="0" tests="1" name="SampleTestNG" time="0.012" errors="0" timestamp="2021-08-07T11:46:03 IST" skipped="0">
  <testcase classname="SampleTestNG" name="test" time="0.012"/>
  <system-out/>
</testsuite> <!-- SampleTestNG -->
